
*** Running vivado
    with args -log test_env.vds -m64 -product Vivado -mode batch -messageDb vivado.pb -notrace -source test_env.tcl


****** Vivado v2018.3 (64-bit)
  **** SW Build 2405991 on Thu Dec  6 23:38:27 MST 2018
  **** IP Build 2404404 on Fri Dec  7 01:43:56 MST 2018
    ** Copyright 1986-2018 Xilinx, Inc. All Rights Reserved.

source test_env.tcl -notrace
Command: synth_design -top test_env -part xc7a100tcsg324-1
Starting synth_design
Attempting to get a license for feature 'Synthesis' and/or device 'xc7a100t'
INFO: [Common 17-349] Got license for feature 'Synthesis' and/or device 'xc7a100t'
INFO: Launching helper process for spawning children vivado processes
INFO: Helper process launched with PID 6240 
---------------------------------------------------------------------------------
Starting RTL Elaboration : Time (s): cpu = 00:00:03 ; elapsed = 00:00:02 . Memory (MB): peak = 362.457 ; gain = 100.961
---------------------------------------------------------------------------------
INFO: [Synth 8-638] synthesizing module 'test_env' [C:/Users/User/Documents/AC/pipeLine/pipeLine.srcs/sources_1/imports/test_env/test_env.vhd:22]
INFO: [Synth 8-3491] module 'MPG' declared at 'C:/Users/User/Documents/AC/pipeLine/pipeLine.srcs/sources_1/imports/test_env/MPG.vhd:14' bound to instance 'monopulse' of component 'MPG' [C:/Users/User/Documents/AC/pipeLine/pipeLine.srcs/sources_1/imports/test_env/test_env.vhd:121]
INFO: [Synth 8-638] synthesizing module 'MPG' [C:/Users/User/Documents/AC/pipeLine/pipeLine.srcs/sources_1/imports/test_env/MPG.vhd:20]
INFO: [Synth 8-256] done synthesizing module 'MPG' (1#1) [C:/Users/User/Documents/AC/pipeLine/pipeLine.srcs/sources_1/imports/test_env/MPG.vhd:20]
INFO: [Synth 8-3491] module 'IFetch' declared at 'C:/Users/User/Documents/AC/pipeLine/pipeLine.srcs/sources_1/imports/test_env/IFetch.vhd:14' bound to instance 'inst_IFetch' of component 'IFetch' [C:/Users/User/Documents/AC/pipeLine/pipeLine.srcs/sources_1/imports/test_env/test_env.vhd:124]
INFO: [Synth 8-638] synthesizing module 'IFetch' [C:/Users/User/Documents/AC/pipeLine/pipeLine.srcs/sources_1/imports/test_env/IFetch.vhd:26]
INFO: [Synth 8-256] done synthesizing module 'IFetch' (2#1) [C:/Users/User/Documents/AC/pipeLine/pipeLine.srcs/sources_1/imports/test_env/IFetch.vhd:26]
INFO: [Synth 8-3491] module 'ID' declared at 'C:/Users/User/Documents/AC/pipeLine/pipeLine.srcs/sources_1/imports/test_env/ID.vhd:14' bound to instance 'inst_ID' of component 'ID' [C:/Users/User/Documents/AC/pipeLine/pipeLine.srcs/sources_1/imports/test_env/test_env.vhd:125]
INFO: [Synth 8-638] synthesizing module 'ID' [C:/Users/User/Documents/AC/pipeLine/pipeLine.srcs/sources_1/imports/test_env/ID.vhd:30]
INFO: [Synth 8-256] done synthesizing module 'ID' (3#1) [C:/Users/User/Documents/AC/pipeLine/pipeLine.srcs/sources_1/imports/test_env/ID.vhd:30]
INFO: [Synth 8-3491] module 'UC' declared at 'C:/Users/User/Documents/AC/pipeLine/pipeLine.srcs/sources_1/imports/test_env/UC.vhd:13' bound to instance 'inst_UC' of component 'UC' [C:/Users/User/Documents/AC/pipeLine/pipeLine.srcs/sources_1/imports/test_env/test_env.vhd:126]
INFO: [Synth 8-638] synthesizing module 'UC' [C:/Users/User/Documents/AC/pipeLine/pipeLine.srcs/sources_1/imports/test_env/UC.vhd:26]
INFO: [Synth 8-256] done synthesizing module 'UC' (4#1) [C:/Users/User/Documents/AC/pipeLine/pipeLine.srcs/sources_1/imports/test_env/UC.vhd:26]
INFO: [Synth 8-3491] module 'EX' declared at 'C:/Users/User/Documents/AC/pipeLine/pipeLine.srcs/sources_1/imports/test_env/EX.vhd:16' bound to instance 'inst_EX' of component 'EX' [C:/Users/User/Documents/AC/pipeLine/pipeLine.srcs/sources_1/imports/test_env/test_env.vhd:127]
INFO: [Synth 8-638] synthesizing module 'EX' [C:/Users/User/Documents/AC/pipeLine/pipeLine.srcs/sources_1/imports/test_env/EX.vhd:30]
INFO: [Synth 8-226] default block is never used [C:/Users/User/Documents/AC/pipeLine/pipeLine.srcs/sources_1/imports/test_env/EX.vhd:66]
INFO: [Synth 8-256] done synthesizing module 'EX' (5#1) [C:/Users/User/Documents/AC/pipeLine/pipeLine.srcs/sources_1/imports/test_env/EX.vhd:30]
INFO: [Synth 8-3491] module 'MEM' declared at 'C:/Users/User/Documents/AC/pipeLine/pipeLine.srcs/sources_1/imports/test_env/MEM.vhd:14' bound to instance 'inst_MEM' of component 'MEM' [C:/Users/User/Documents/AC/pipeLine/pipeLine.srcs/sources_1/imports/test_env/test_env.vhd:128]
INFO: [Synth 8-638] synthesizing module 'MEM' [C:/Users/User/Documents/AC/pipeLine/pipeLine.srcs/sources_1/imports/test_env/MEM.vhd:24]
INFO: [Synth 8-256] done synthesizing module 'MEM' (6#1) [C:/Users/User/Documents/AC/pipeLine/pipeLine.srcs/sources_1/imports/test_env/MEM.vhd:24]
INFO: [Synth 8-226] default block is never used [C:/Users/User/Documents/AC/pipeLine/pipeLine.srcs/sources_1/imports/test_env/test_env.vhd:141]
INFO: [Synth 8-3491] module 'SSD' declared at 'C:/Users/User/Documents/AC/pipeLine/pipeLine.srcs/sources_1/imports/test_env/SSD.vhd:14' bound to instance 'display' of component 'SSD' [C:/Users/User/Documents/AC/pipeLine/pipeLine.srcs/sources_1/imports/test_env/test_env.vhd:151]
INFO: [Synth 8-638] synthesizing module 'SSD' [C:/Users/User/Documents/AC/pipeLine/pipeLine.srcs/sources_1/imports/test_env/SSD.vhd:21]
INFO: [Synth 8-226] default block is never used [C:/Users/User/Documents/AC/pipeLine/pipeLine.srcs/sources_1/imports/test_env/SSD.vhd:40]
INFO: [Synth 8-226] default block is never used [C:/Users/User/Documents/AC/pipeLine/pipeLine.srcs/sources_1/imports/test_env/SSD.vhd:55]
INFO: [Synth 8-226] default block is never used [C:/Users/User/Documents/AC/pipeLine/pipeLine.srcs/sources_1/imports/test_env/SSD.vhd:69]
INFO: [Synth 8-256] done synthesizing module 'SSD' (7#1) [C:/Users/User/Documents/AC/pipeLine/pipeLine.srcs/sources_1/imports/test_env/SSD.vhd:21]
INFO: [Synth 8-256] done synthesizing module 'test_env' (8#1) [C:/Users/User/Documents/AC/pipeLine/pipeLine.srcs/sources_1/imports/test_env/test_env.vhd:22]
WARNING: [Synth 8-3331] design ID has unconnected port RegDst
WARNING: [Synth 8-3331] design test_env has unconnected port led[15]
WARNING: [Synth 8-3331] design test_env has unconnected port led[14]
WARNING: [Synth 8-3331] design test_env has unconnected port led[13]
WARNING: [Synth 8-3331] design test_env has unconnected port led[12]
WARNING: [Synth 8-3331] design test_env has unconnected port led[11]
WARNING: [Synth 8-3331] design test_env has unconnected port btn[4]
WARNING: [Synth 8-3331] design test_env has unconnected port btn[3]
WARNING: [Synth 8-3331] design test_env has unconnected port btn[2]
WARNING: [Synth 8-3331] design test_env has unconnected port sw[15]
WARNING: [Synth 8-3331] design test_env has unconnected port sw[14]
WARNING: [Synth 8-3331] design test_env has unconnected port sw[13]
WARNING: [Synth 8-3331] design test_env has unconnected port sw[12]
WARNING: [Synth 8-3331] design test_env has unconnected port sw[11]
WARNING: [Synth 8-3331] design test_env has unconnected port sw[10]
WARNING: [Synth 8-3331] design test_env has unconnected port sw[9]
WARNING: [Synth 8-3331] design test_env has unconnected port sw[8]
WARNING: [Synth 8-3331] design test_env has unconnected port sw[4]
WARNING: [Synth 8-3331] design test_env has unconnected port sw[3]
WARNING: [Synth 8-3331] design test_env has unconnected port sw[2]
WARNING: [Synth 8-3331] design test_env has unconnected port sw[1]
WARNING: [Synth 8-3331] design test_env has unconnected port sw[0]
---------------------------------------------------------------------------------
Finished RTL Elaboration : Time (s): cpu = 00:00:03 ; elapsed = 00:00:03 . Memory (MB): peak = 418.664 ; gain = 157.168
---------------------------------------------------------------------------------

Report Check Netlist: 
+------+------------------+-------+---------+-------+------------------+
|      |Item              |Errors |Warnings |Status |Description       |
+------+------------------+-------+---------+-------+------------------+
|1     |multi_driven_nets |      0|        0|Passed |Multi driven nets |
+------+------------------+-------+---------+-------+------------------+
---------------------------------------------------------------------------------
Start Handling Custom Attributes
---------------------------------------------------------------------------------
---------------------------------------------------------------------------------
Finished Handling Custom Attributes : Time (s): cpu = 00:00:04 ; elapsed = 00:00:03 . Memory (MB): peak = 418.664 ; gain = 157.168
---------------------------------------------------------------------------------
---------------------------------------------------------------------------------
Finished RTL Optimization Phase 1 : Time (s): cpu = 00:00:04 ; elapsed = 00:00:03 . Memory (MB): peak = 418.664 ; gain = 157.168
---------------------------------------------------------------------------------
INFO: [Device 21-403] Loading part xc7a100tcsg324-1
INFO: [Project 1-570] Preparing netlist for logic optimization

Processing XDC Constraints
Initializing timing engine
Parsing XDC File [C:/Users/User/Documents/AC/pipeLine/pipeLine.srcs/constrs_1/imports/test_env/NexysA7_test_env.xdc]
Finished Parsing XDC File [C:/Users/User/Documents/AC/pipeLine/pipeLine.srcs/constrs_1/imports/test_env/NexysA7_test_env.xdc]
INFO: [Project 1-236] Implementation specific constraints were found while reading constraint file [C:/Users/User/Documents/AC/pipeLine/pipeLine.srcs/constrs_1/imports/test_env/NexysA7_test_env.xdc]. These constraints will be ignored for synthesis but will be used in implementation. Impacted constraints are listed in the file [.Xil/test_env_propImpl.xdc].
Resolution: To avoid this warning, move constraints listed in [.Xil/test_env_propImpl.xdc] to another XDC file and exclude this new file from synthesis with the used_in_synthesis property (File Properties dialog in GUI) and re-run elaboration/synthesis.
Netlist sorting complete. Time (s): cpu = 00:00:00 ; elapsed = 00:00:00 . Memory (MB): peak = 772.262 ; gain = 0.000
Completed Processing XDC Constraints

Netlist sorting complete. Time (s): cpu = 00:00:00 ; elapsed = 00:00:00 . Memory (MB): peak = 772.281 ; gain = 0.000
INFO: [Project 1-111] Unisim Transformation Summary:
No Unisim elements were transformed.

Netlist sorting complete. Time (s): cpu = 00:00:00 ; elapsed = 00:00:00 . Memory (MB): peak = 772.281 ; gain = 0.000
Constraint Validation Runtime : Time (s): cpu = 00:00:00 ; elapsed = 00:00:00.003 . Memory (MB): peak = 772.281 ; gain = 0.000
---------------------------------------------------------------------------------
Finished Constraint Validation : Time (s): cpu = 00:00:11 ; elapsed = 00:00:12 . Memory (MB): peak = 772.281 ; gain = 510.785
---------------------------------------------------------------------------------
---------------------------------------------------------------------------------
Start Loading Part and Timing Information
---------------------------------------------------------------------------------
Loading part: xc7a100tcsg324-1
---------------------------------------------------------------------------------
Finished Loading Part and Timing Information : Time (s): cpu = 00:00:11 ; elapsed = 00:00:12 . Memory (MB): peak = 772.281 ; gain = 510.785
---------------------------------------------------------------------------------
---------------------------------------------------------------------------------
Start Applying 'set_property' XDC Constraints
---------------------------------------------------------------------------------
---------------------------------------------------------------------------------
Finished applying 'set_property' XDC Constraints : Time (s): cpu = 00:00:11 ; elapsed = 00:00:12 . Memory (MB): peak = 772.281 ; gain = 510.785
---------------------------------------------------------------------------------
INFO: [Synth 8-5546] ROM "ROM" won't be mapped to RAM because it is too sparse
WARNING: [Synth 8-3936] Found unconnected internal register 'reg_ex_mem_reg' and it is trimmed from '106' to '101' bits. [C:/Users/User/Documents/AC/pipeLine/pipeLine.srcs/sources_1/imports/test_env/test_env.vhd:124]
WARNING: [Synth 8-3936] Found unconnected internal register 'reg_id_ex_reg' and it is trimmed from '158' to '148' bits. [C:/Users/User/Documents/AC/pipeLine/pipeLine.srcs/sources_1/imports/test_env/test_env.vhd:127]
---------------------------------------------------------------------------------
Finished RTL Optimization Phase 2 : Time (s): cpu = 00:00:11 ; elapsed = 00:00:12 . Memory (MB): peak = 772.281 ; gain = 510.785
---------------------------------------------------------------------------------

Report RTL Partitions: 
+-+--------------+------------+----------+
| |RTL Partition |Replication |Instances |
+-+--------------+------------+----------+
+-+--------------+------------+----------+
---------------------------------------------------------------------------------
Start RTL Component Statistics 
---------------------------------------------------------------------------------
Detailed RTL Component Info : 
+---Adders : 
	   2 Input     32 Bit       Adders := 3     
	   3 Input     32 Bit       Adders := 1     
+---XORs : 
	   2 Input     32 Bit         XORs := 1     
+---Registers : 
	              148 Bit    Registers := 1     
	              101 Bit    Registers := 1     
	               71 Bit    Registers := 1     
	               64 Bit    Registers := 1     
	               32 Bit    Registers := 1     
	                1 Bit    Registers := 3     
+---RAMs : 
	               2K Bit         RAMs := 1     
	             1024 Bit         RAMs := 1     
+---Muxes : 
	   2 Input     32 Bit        Muxes := 4     
	  33 Input     32 Bit        Muxes := 1     
	   2 Input     16 Bit        Muxes := 1     
	   8 Input      8 Bit        Muxes := 1     
	   2 Input      5 Bit        Muxes := 1     
	   9 Input      3 Bit        Muxes := 1     
	  14 Input      3 Bit        Muxes := 1     
	   9 Input      1 Bit        Muxes := 8     
---------------------------------------------------------------------------------
Finished RTL Component Statistics 
---------------------------------------------------------------------------------
---------------------------------------------------------------------------------
Start RTL Hierarchical Component Statistics 
---------------------------------------------------------------------------------
Hierarchical RTL Component report 
Module test_env 
Detailed RTL Component Info : 
+---Registers : 
	              148 Bit    Registers := 1     
	              101 Bit    Registers := 1     
	               71 Bit    Registers := 1     
	               64 Bit    Registers := 1     
+---Muxes : 
	   2 Input     32 Bit        Muxes := 1     
	   2 Input      5 Bit        Muxes := 1     
Module MPG 
Detailed RTL Component Info : 
+---Registers : 
	                1 Bit    Registers := 3     
Module IFetch 
Detailed RTL Component Info : 
+---Adders : 
	   2 Input     32 Bit       Adders := 1     
+---Registers : 
	               32 Bit    Registers := 1     
+---Muxes : 
	   2 Input     32 Bit        Muxes := 2     
	  33 Input     32 Bit        Muxes := 1     
Module ID 
Detailed RTL Component Info : 
+---RAMs : 
	             1024 Bit         RAMs := 1     
+---Muxes : 
	   2 Input     16 Bit        Muxes := 1     
Module UC 
Detailed RTL Component Info : 
+---Muxes : 
	   9 Input      3 Bit        Muxes := 1     
	   9 Input      1 Bit        Muxes := 8     
Module EX 
Detailed RTL Component Info : 
+---Adders : 
	   2 Input     32 Bit       Adders := 2     
	   3 Input     32 Bit       Adders := 1     
+---XORs : 
	   2 Input     32 Bit         XORs := 1     
+---Muxes : 
	   2 Input     32 Bit        Muxes := 1     
	  14 Input      3 Bit        Muxes := 1     
Module MEM 
Detailed RTL Component Info : 
+---RAMs : 
	               2K Bit         RAMs := 1     
Module SSD 
Detailed RTL Component Info : 
+---Muxes : 
	   8 Input      8 Bit        Muxes := 1     
---------------------------------------------------------------------------------
Finished RTL Hierarchical Component Statistics
---------------------------------------------------------------------------------
---------------------------------------------------------------------------------
Start Part Resource Summary
---------------------------------------------------------------------------------
Part Resources:
DSPs: 240 (col length:80)
BRAMs: 270 (col length: RAMB18 80 RAMB36 40)
---------------------------------------------------------------------------------
Finished Part Resource Summary
---------------------------------------------------------------------------------
---------------------------------------------------------------------------------
Start Cross Boundary and Area Optimization
---------------------------------------------------------------------------------
Warning: Parallel synthesis criteria is not met 
WARNING: [Synth 8-3331] design test_env has unconnected port led[15]
WARNING: [Synth 8-3331] design test_env has unconnected port led[14]
WARNING: [Synth 8-3331] design test_env has unconnected port led[13]
WARNING: [Synth 8-3331] design test_env has unconnected port led[12]
WARNING: [Synth 8-3331] design test_env has unconnected port led[11]
WARNING: [Synth 8-3331] design test_env has unconnected port btn[4]
WARNING: [Synth 8-3331] design test_env has unconnected port btn[3]
WARNING: [Synth 8-3331] design test_env has unconnected port btn[2]
WARNING: [Synth 8-3331] design test_env has unconnected port sw[15]
WARNING: [Synth 8-3331] design test_env has unconnected port sw[14]
WARNING: [Synth 8-3331] design test_env has unconnected port sw[13]
WARNING: [Synth 8-3331] design test_env has unconnected port sw[12]
WARNING: [Synth 8-3331] design test_env has unconnected port sw[11]
WARNING: [Synth 8-3331] design test_env has unconnected port sw[10]
WARNING: [Synth 8-3331] design test_env has unconnected port sw[9]
WARNING: [Synth 8-3331] design test_env has unconnected port sw[8]
WARNING: [Synth 8-3331] design test_env has unconnected port sw[4]
WARNING: [Synth 8-3331] design test_env has unconnected port sw[3]
WARNING: [Synth 8-3331] design test_env has unconnected port sw[2]
WARNING: [Synth 8-3331] design test_env has unconnected port sw[1]
WARNING: [Synth 8-3331] design test_env has unconnected port sw[0]
INFO: [Synth 8-3886] merging instance 'reg_if_id_reg[1]' (FDE_1) to 'reg_id_ex_reg[10]'
INFO: [Synth 8-3886] merging instance 'reg_if_id_reg[0]' (FDE_1) to 'reg_id_ex_reg[9]'
INFO: [Synth 8-3886] merging instance 'reg_if_id_reg[28]' (FDE_1) to 'reg_id_ex_reg[37]'
INFO: [Synth 8-3886] merging instance 'reg_if_id_reg[29]' (FDE_1) to 'reg_id_ex_reg[38]'
INFO: [Synth 8-3886] merging instance 'reg_if_id_reg[30]' (FDE_1) to 'reg_id_ex_reg[39]'
INFO: [Synth 8-3886] merging instance 'reg_if_id_reg[31]' (FDE_1) to 'reg_id_ex_reg[40]'
INFO: [Synth 8-3886] merging instance 'reg_if_id_reg[24]' (FDE_1) to 'reg_id_ex_reg[33]'
INFO: [Synth 8-3886] merging instance 'reg_if_id_reg[25]' (FDE_1) to 'reg_id_ex_reg[34]'
INFO: [Synth 8-3886] merging instance 'reg_if_id_reg[26]' (FDE_1) to 'reg_id_ex_reg[35]'
INFO: [Synth 8-3886] merging instance 'reg_if_id_reg[27]' (FDE_1) to 'reg_id_ex_reg[36]'
INFO: [Synth 8-3886] merging instance 'reg_if_id_reg[20]' (FDE_1) to 'reg_id_ex_reg[29]'
INFO: [Synth 8-3886] merging instance 'reg_if_id_reg[21]' (FDE_1) to 'reg_id_ex_reg[30]'
INFO: [Synth 8-3886] merging instance 'reg_if_id_reg[22]' (FDE_1) to 'reg_id_ex_reg[31]'
INFO: [Synth 8-3886] merging instance 'reg_if_id_reg[23]' (FDE_1) to 'reg_id_ex_reg[32]'
INFO: [Synth 8-3886] merging instance 'reg_if_id_reg[16]' (FDE_1) to 'reg_id_ex_reg[25]'
INFO: [Synth 8-3886] merging instance 'reg_if_id_reg[17]' (FDE_1) to 'reg_id_ex_reg[26]'
INFO: [Synth 8-3886] merging instance 'reg_if_id_reg[18]' (FDE_1) to 'reg_id_ex_reg[27]'
INFO: [Synth 8-3886] merging instance 'reg_if_id_reg[19]' (FDE_1) to 'reg_id_ex_reg[28]'
INFO: [Synth 8-3886] merging instance 'reg_if_id_reg[12]' (FDE_1) to 'reg_id_ex_reg[21]'
INFO: [Synth 8-3886] merging instance 'reg_if_id_reg[13]' (FDE_1) to 'reg_id_ex_reg[22]'
INFO: [Synth 8-3886] merging instance 'reg_if_id_reg[14]' (FDE_1) to 'reg_id_ex_reg[23]'
INFO: [Synth 8-3886] merging instance 'reg_if_id_reg[15]' (FDE_1) to 'reg_id_ex_reg[24]'
INFO: [Synth 8-3886] merging instance 'reg_if_id_reg[8]' (FDE_1) to 'reg_id_ex_reg[17]'
INFO: [Synth 8-3886] merging instance 'reg_if_id_reg[9]' (FDE_1) to 'reg_id_ex_reg[18]'
INFO: [Synth 8-3886] merging instance 'reg_if_id_reg[10]' (FDE_1) to 'reg_id_ex_reg[19]'
INFO: [Synth 8-3886] merging instance 'reg_if_id_reg[11]' (FDE_1) to 'reg_id_ex_reg[20]'
INFO: [Synth 8-3886] merging instance 'reg_if_id_reg[7]' (FDE_1) to 'reg_id_ex_reg[16]'
INFO: [Synth 8-3886] merging instance 'reg_if_id_reg[2]' (FDE_1) to 'reg_id_ex_reg[11]'
INFO: [Synth 8-3886] merging instance 'reg_if_id_reg[3]' (FDE_1) to 'reg_id_ex_reg[12]'
INFO: [Synth 8-3886] merging instance 'reg_if_id_reg[4]' (FDE_1) to 'reg_id_ex_reg[13]'
INFO: [Synth 8-3886] merging instance 'reg_if_id_reg[5]' (FDE_1) to 'reg_id_ex_reg[14]'
INFO: [Synth 8-3886] merging instance 'reg_if_id_reg[6]' (FDE_1) to 'reg_id_ex_reg[15]'
INFO: [Synth 8-3886] merging instance 'reg_ex_mem_reg[97]' (FDE_1) to 'reg_id_ex_reg[101]'
INFO: [Synth 8-3886] merging instance 'reg_ex_mem_reg[93]' (FDE_1) to 'reg_id_ex_reg[97]'
INFO: [Synth 8-3886] merging instance 'reg_ex_mem_reg[89]' (FDE_1) to 'reg_id_ex_reg[93]'
INFO: [Synth 8-3886] merging instance 'reg_ex_mem_reg[85]' (FDE_1) to 'reg_id_ex_reg[89]'
INFO: [Synth 8-3886] merging instance 'reg_ex_mem_reg[81]' (FDE_1) to 'reg_id_ex_reg[85]'
INFO: [Synth 8-3886] merging instance 'reg_ex_mem_reg[77]' (FDE_1) to 'reg_id_ex_reg[81]'
INFO: [Synth 8-3886] merging instance 'reg_ex_mem_reg[73]' (FDE_1) to 'reg_id_ex_reg[77]'
INFO: [Synth 8-3886] merging instance 'reg_ex_mem_reg[69]' (FDE_1) to 'reg_id_ex_reg[73]'
INFO: [Synth 8-3886] merging instance 'reg_ex_mem_reg[98]' (FDE_1) to 'reg_id_ex_reg[102]'
INFO: [Synth 8-3886] merging instance 'reg_ex_mem_reg[94]' (FDE_1) to 'reg_id_ex_reg[98]'
INFO: [Synth 8-3886] merging instance 'reg_ex_mem_reg[90]' (FDE_1) to 'reg_id_ex_reg[94]'
INFO: [Synth 8-3886] merging instance 'reg_ex_mem_reg[86]' (FDE_1) to 'reg_id_ex_reg[90]'
INFO: [Synth 8-3886] merging instance 'reg_ex_mem_reg[82]' (FDE_1) to 'reg_id_ex_reg[86]'
INFO: [Synth 8-3886] merging instance 'reg_ex_mem_reg[78]' (FDE_1) to 'reg_id_ex_reg[82]'
INFO: [Synth 8-3886] merging instance 'reg_ex_mem_reg[74]' (FDE_1) to 'reg_id_ex_reg[78]'
INFO: [Synth 8-3886] merging instance 'reg_ex_mem_reg[70]' (FDE_1) to 'reg_id_ex_reg[74]'
INFO: [Synth 8-3886] merging instance 'reg_ex_mem_reg[99]' (FDE_1) to 'reg_id_ex_reg[103]'
INFO: [Synth 8-3886] merging instance 'reg_ex_mem_reg[95]' (FDE_1) to 'reg_id_ex_reg[99]'
INFO: [Synth 8-3886] merging instance 'reg_ex_mem_reg[91]' (FDE_1) to 'reg_id_ex_reg[95]'
INFO: [Synth 8-3886] merging instance 'reg_ex_mem_reg[87]' (FDE_1) to 'reg_id_ex_reg[91]'
INFO: [Synth 8-3886] merging instance 'reg_ex_mem_reg[83]' (FDE_1) to 'reg_id_ex_reg[87]'
INFO: [Synth 8-3886] merging instance 'reg_ex_mem_reg[79]' (FDE_1) to 'reg_id_ex_reg[83]'
INFO: [Synth 8-3886] merging instance 'reg_ex_mem_reg[75]' (FDE_1) to 'reg_id_ex_reg[79]'
INFO: [Synth 8-3886] merging instance 'reg_ex_mem_reg[71]' (FDE_1) to 'reg_id_ex_reg[75]'
INFO: [Synth 8-3886] merging instance 'reg_ex_mem_reg[100]' (FDE_1) to 'reg_id_ex_reg[104]'
INFO: [Synth 8-3886] merging instance 'reg_ex_mem_reg[96]' (FDE_1) to 'reg_id_ex_reg[100]'
INFO: [Synth 8-3886] merging instance 'reg_ex_mem_reg[92]' (FDE_1) to 'reg_id_ex_reg[96]'
INFO: [Synth 8-3886] merging instance 'reg_ex_mem_reg[88]' (FDE_1) to 'reg_id_ex_reg[92]'
INFO: [Synth 8-3886] merging instance 'reg_ex_mem_reg[84]' (FDE_1) to 'reg_id_ex_reg[88]'
INFO: [Synth 8-3886] merging instance 'reg_ex_mem_reg[80]' (FDE_1) to 'reg_id_ex_reg[84]'
INFO: [Synth 8-3886] merging instance 'reg_ex_mem_reg[76]' (FDE_1) to 'reg_id_ex_reg[80]'
INFO: [Synth 8-3886] merging instance 'reg_id_ex_reg[2]' (FDE_1) to 'reg_ex_mem_reg[2]'
INFO: [Synth 8-3886] merging instance 'reg_ex_mem_reg[72]' (FDE_1) to 'reg_id_ex_reg[76]'
INFO: [Synth 8-3886] merging instance 'i_2/p_1_in[3]' (FDE_1) to 'i_2/p_0_in[4]'
INFO: [Synth 8-3886] merging instance 'i_2/p_1_in[4]' (FDE_1) to 'i_2/p_0_in[4]'
INFO: [Synth 8-3886] merging instance 'reg_mem_wb_reg[69]' (FDE_1) to 'reg_id_ex_reg[105]'
INFO: [Synth 8-3886] merging instance 'reg_if_id_reg[51]' (FDE_1) to 'reg_id_ex_reg[105]'
INFO: [Synth 8-3886] merging instance 'reg_if_id_reg[52]' (FDE_1) to 'reg_id_ex_reg[105]'
INFO: [Synth 8-3886] merging instance 'reg_if_id_reg[56]' (FDE_1) to 'reg_id_ex_reg[105]'
INFO: [Synth 8-3886] merging instance 'reg_if_id_reg[57]' (FDE_1) to 'reg_id_ex_reg[105]'
INFO: [Synth 8-3886] merging instance 'reg_if_id_reg[62]' (FDE_1) to 'reg_id_ex_reg[105]'
INFO: [Synth 8-3886] merging instance 'reg_mem_wb_reg[70]' (FDE_1) to 'reg_id_ex_reg[105]'
INFO: [Synth 8-3886] merging instance 'i_2/p_0_in[3]' (FDE_1) to 'i_2/p_0_in[4]'
INFO: [Synth 8-3333] propagating constant 0 across sequential element (i_2/\p_0_in[4] )
INFO: [Synth 8-3886] merging instance 'reg_ex_mem_reg[1]' (FDE_1) to 'reg_mem_wb_reg[1]'
INFO: [Synth 8-3886] merging instance 'reg_id_ex_reg[1]' (FDE_1) to 'reg_mem_wb_reg[1]'
INFO: [Synth 8-3886] merging instance 'reg_mem_wb_reg[62]' (FDE_1) to 'reg_ex_mem_reg[65]'
INFO: [Synth 8-3886] merging instance 'reg_mem_wb_reg[58]' (FDE_1) to 'reg_ex_mem_reg[61]'
INFO: [Synth 8-3886] merging instance 'reg_mem_wb_reg[54]' (FDE_1) to 'reg_ex_mem_reg[57]'
INFO: [Synth 8-3886] merging instance 'reg_mem_wb_reg[50]' (FDE_1) to 'reg_ex_mem_reg[53]'
INFO: [Synth 8-3886] merging instance 'reg_mem_wb_reg[46]' (FDE_1) to 'reg_ex_mem_reg[49]'
INFO: [Synth 8-3886] merging instance 'reg_mem_wb_reg[42]' (FDE_1) to 'reg_ex_mem_reg[45]'
INFO: [Synth 8-3886] merging instance 'reg_if_id_reg[40]' (FDE_1) to 'reg_id_ex_reg[105]'
INFO: [Synth 8-3886] merging instance 'reg_mem_wb_reg[38]' (FDE_1) to 'reg_ex_mem_reg[41]'
INFO: [Synth 8-3886] merging instance 'reg_if_id_reg[36]' (FDE_1) to 'reg_id_ex_reg[105]'
INFO: [Synth 8-3886] merging instance 'reg_mem_wb_reg[34]' (FDE_1) to 'reg_ex_mem_reg[37]'
INFO: [Synth 8-3886] merging instance 'reg_if_id_reg[32]' (FDE_1) to 'reg_id_ex_reg[142]'
INFO: [Synth 8-3886] merging instance 'reg_mem_wb_reg[63]' (FDE_1) to 'reg_ex_mem_reg[66]'
INFO: [Synth 8-3886] merging instance 'reg_mem_wb_reg[59]' (FDE_1) to 'reg_ex_mem_reg[62]'
INFO: [Synth 8-3886] merging instance 'reg_mem_wb_reg[55]' (FDE_1) to 'reg_ex_mem_reg[58]'
INFO: [Synth 8-3886] merging instance 'reg_mem_wb_reg[51]' (FDE_1) to 'reg_ex_mem_reg[54]'
INFO: [Synth 8-3886] merging instance 'reg_mem_wb_reg[47]' (FDE_1) to 'reg_ex_mem_reg[50]'
INFO: [Synth 8-3886] merging instance 'reg_mem_wb_reg[43]' (FDE_1) to 'reg_ex_mem_reg[46]'
INFO: [Synth 8-3886] merging instance 'reg_if_id_reg[41]' (FDE_1) to 'reg_id_ex_reg[105]'
INFO: [Synth 8-3886] merging instance 'reg_mem_wb_reg[39]' (FDE_1) to 'reg_ex_mem_reg[42]'
INFO: [Synth 8-3886] merging instance 'reg_if_id_reg[37]' (FDE_1) to 'reg_id_ex_reg[147]'
INFO: [Synth 8-3886] merging instance 'reg_mem_wb_reg[35]' (FDE_1) to 'reg_ex_mem_reg[38]'
INFO: [Synth 8-3886] merging instance 'reg_if_id_reg[33]' (FDE_1) to 'reg_id_ex_reg[143]'
INFO: [Synth 8-3886] merging instance 'reg_mem_wb_reg[64]' (FDE_1) to 'reg_ex_mem_reg[67]'
INFO: [Common 17-14] Message 'Synth 8-3886' appears 100 times and further instances of the messages will be disabled. Use the Tcl command set_msg_config to change the current settings.
INFO: [Synth 8-3333] propagating constant 0 across sequential element (\reg_if_id_reg[60] )
INFO: [Synth 8-3333] propagating constant 0 across sequential element (\reg_id_ex_reg[4] )
WARNING: [Synth 8-3332] Sequential element (p_0_in[4]) is unused and will be removed from module test_env.
---------------------------------------------------------------------------------
Finished Cross Boundary and Area Optimization : Time (s): cpu = 00:00:15 ; elapsed = 00:00:16 . Memory (MB): peak = 772.281 ; gain = 510.785
---------------------------------------------------------------------------------
---------------------------------------------------------------------------------
Start ROM, RAM, DSP and Shift Register Reporting
---------------------------------------------------------------------------------

Distributed RAM: Preliminary Mapping  Report (see note below)
+------------+----------------------+-----------+----------------------+-----------------+
|Module Name | RTL Object           | Inference | Size (Depth x Width) | Primitives      | 
+------------+----------------------+-----------+----------------------+-----------------+
|test_env    | inst_MEM/MEM_reg     | Implied   | 64 x 32              | RAM64X1S x 32   | 
|test_env    | inst_ID/reg_file_reg | Implied   | 32 x 32              | RAM32M x 12     | 
+------------+----------------------+-----------+----------------------+-----------------+

Note: The table above is a preliminary report that shows the Distributed RAMs at the current stage of the synthesis flow. Some Distributed RAMs may be reimplemented as non Distributed RAM primitives later in the synthesis flow. Multiple instantiated RAMs are reported only once.
---------------------------------------------------------------------------------
Finished ROM, RAM, DSP and Shift Register Reporting
---------------------------------------------------------------------------------

Report RTL Partitions: 
+-+--------------+------------+----------+
| |RTL Partition |Replication |Instances |
+-+--------------+------------+----------+
+-+--------------+------------+----------+
---------------------------------------------------------------------------------
Start Applying XDC Timing Constraints
---------------------------------------------------------------------------------
---------------------------------------------------------------------------------
Finished Applying XDC Timing Constraints : Time (s): cpu = 00:00:23 ; elapsed = 00:00:24 . Memory (MB): peak = 772.281 ; gain = 510.785
---------------------------------------------------------------------------------
---------------------------------------------------------------------------------
Start Timing Optimization
---------------------------------------------------------------------------------
---------------------------------------------------------------------------------
Finished Timing Optimization : Time (s): cpu = 00:00:27 ; elapsed = 00:00:28 . Memory (MB): peak = 861.320 ; gain = 599.824
---------------------------------------------------------------------------------
---------------------------------------------------------------------------------
Start ROM, RAM, DSP and Shift Register Reporting
---------------------------------------------------------------------------------

Distributed RAM: Final Mapping  Report
+------------+----------------------+-----------+----------------------+-----------------+
|Module Name | RTL Object           | Inference | Size (Depth x Width) | Primitives      | 
+------------+----------------------+-----------+----------------------+-----------------+
|test_env    | inst_MEM/MEM_reg     | Implied   | 64 x 32              | RAM64X1S x 32   | 
|test_env    | inst_ID/reg_file_reg | Implied   | 32 x 32              | RAM32M x 12     | 
+------------+----------------------+-----------+----------------------+-----------------+

---------------------------------------------------------------------------------
Finished ROM, RAM, DSP and Shift Register Reporting
---------------------------------------------------------------------------------

Report RTL Partitions: 
+-+--------------+------------+----------+
| |RTL Partition |Replication |Instances |
+-+--------------+------------+----------+
+-+--------------+------------+----------+
---------------------------------------------------------------------------------
Start Technology Mapping
---------------------------------------------------------------------------------
---------------------------------------------------------------------------------
Finished Technology Mapping : Time (s): cpu = 00:00:27 ; elapsed = 00:00:28 . Memory (MB): peak = 861.320 ; gain = 599.824
---------------------------------------------------------------------------------

Report RTL Partitions: 
+-+--------------+------------+----------+
| |RTL Partition |Replication |Instances |
+-+--------------+------------+----------+
+-+--------------+------------+----------+
---------------------------------------------------------------------------------
Start IO Insertion
---------------------------------------------------------------------------------
---------------------------------------------------------------------------------
Start Flattening Before IO Insertion
---------------------------------------------------------------------------------
---------------------------------------------------------------------------------
Finished Flattening Before IO Insertion
---------------------------------------------------------------------------------
---------------------------------------------------------------------------------
Start Final Netlist Cleanup
---------------------------------------------------------------------------------
---------------------------------------------------------------------------------
Finished Final Netlist Cleanup
---------------------------------------------------------------------------------
---------------------------------------------------------------------------------
Finished IO Insertion : Time (s): cpu = 00:00:28 ; elapsed = 00:00:29 . Memory (MB): peak = 861.320 ; gain = 599.824
---------------------------------------------------------------------------------

Report Check Netlist: 
+------+------------------+-------+---------+-------+------------------+
|      |Item              |Errors |Warnings |Status |Description       |
+------+------------------+-------+---------+-------+------------------+
|1     |multi_driven_nets |      0|        0|Passed |Multi driven nets |
+------+------------------+-------+---------+-------+------------------+
---------------------------------------------------------------------------------
Start Renaming Generated Instances
---------------------------------------------------------------------------------
---------------------------------------------------------------------------------
Finished Renaming Generated Instances : Time (s): cpu = 00:00:28 ; elapsed = 00:00:29 . Memory (MB): peak = 861.320 ; gain = 599.824
---------------------------------------------------------------------------------

Report RTL Partitions: 
+-+--------------+------------+----------+
| |RTL Partition |Replication |Instances |
+-+--------------+------------+----------+
+-+--------------+------------+----------+
---------------------------------------------------------------------------------
Start Rebuilding User Hierarchy
---------------------------------------------------------------------------------
---------------------------------------------------------------------------------
Finished Rebuilding User Hierarchy : Time (s): cpu = 00:00:28 ; elapsed = 00:00:29 . Memory (MB): peak = 861.320 ; gain = 599.824
---------------------------------------------------------------------------------
---------------------------------------------------------------------------------
Start Renaming Generated Ports
---------------------------------------------------------------------------------
---------------------------------------------------------------------------------
Finished Renaming Generated Ports : Time (s): cpu = 00:00:28 ; elapsed = 00:00:29 . Memory (MB): peak = 861.320 ; gain = 599.824
---------------------------------------------------------------------------------
---------------------------------------------------------------------------------
Start Handling Custom Attributes
---------------------------------------------------------------------------------
---------------------------------------------------------------------------------
Finished Handling Custom Attributes : Time (s): cpu = 00:00:28 ; elapsed = 00:00:29 . Memory (MB): peak = 861.320 ; gain = 599.824
---------------------------------------------------------------------------------
---------------------------------------------------------------------------------
Start Renaming Generated Nets
---------------------------------------------------------------------------------
---------------------------------------------------------------------------------
Finished Renaming Generated Nets : Time (s): cpu = 00:00:28 ; elapsed = 00:00:29 . Memory (MB): peak = 861.320 ; gain = 599.824
---------------------------------------------------------------------------------
---------------------------------------------------------------------------------
Start Writing Synthesis Report
---------------------------------------------------------------------------------

Report BlackBoxes: 
+-+--------------+----------+
| |BlackBox name |Instances |
+-+--------------+----------+
+-+--------------+----------+

Report Cell Usage: 
+------+---------+------+
|      |Cell     |Count |
+------+---------+------+
|1     |BUFG     |     1|
|2     |CARRY4   |    38|
|3     |LUT1     |     4|
|4     |LUT2     |    14|
|5     |LUT3     |    84|
|6     |LUT4     |    89|
|7     |LUT5     |    66|
|8     |LUT6     |   161|
|9     |MUXF7    |    32|
|10    |RAM32M   |    12|
|11    |RAM64X1S |    32|
|12    |FDCE     |    31|
|13    |FDRE     |   164|
|14    |IBUF     |     6|
|15    |OBUF     |    26|
|16    |OBUFT    |     5|
+------+---------+------+

Report Instance Areas: 
+------+--------------+-------+------+
|      |Instance      |Module |Cells |
+------+--------------+-------+------+
|1     |top           |       |   765|
|2     |  display     |SSD    |    35|
|3     |  inst_EX     |EX     |   265|
|4     |  inst_ID     |ID     |    56|
|5     |  inst_IFetch |IFetch |    93|
|6     |  inst_MEM    |MEM    |    96|
|7     |  monopulse   |MPG    |    36|
+------+--------------+-------+------+
---------------------------------------------------------------------------------
Finished Writing Synthesis Report : Time (s): cpu = 00:00:28 ; elapsed = 00:00:29 . Memory (MB): peak = 861.320 ; gain = 599.824
---------------------------------------------------------------------------------
Synthesis finished with 0 errors, 0 critical warnings and 24 warnings.
Synthesis Optimization Runtime : Time (s): cpu = 00:00:19 ; elapsed = 00:00:24 . Memory (MB): peak = 861.320 ; gain = 246.207
Synthesis Optimization Complete : Time (s): cpu = 00:00:28 ; elapsed = 00:00:30 . Memory (MB): peak = 861.320 ; gain = 599.824
INFO: [Project 1-571] Translating synthesized netlist
INFO: [Netlist 29-17] Analyzing 114 Unisim elements for replacement
INFO: [Netlist 29-28] Unisim Transformation completed in 0 CPU seconds
INFO: [Project 1-570] Preparing netlist for logic optimization
INFO: [Opt 31-138] Pushed 1 inverter(s) to 12 load pin(s).
Netlist sorting complete. Time (s): cpu = 00:00:00 ; elapsed = 00:00:00.001 . Memory (MB): peak = 861.320 ; gain = 0.000
INFO: [Project 1-111] Unisim Transformation Summary:
  A total of 44 instances were transformed.
  RAM32M => RAM32M (inverted pins: WCLK) (RAMD32, RAMD32, RAMD32, RAMD32, RAMD32, RAMD32, RAMS32, RAMS32): 12 instances
  RAM64X1S => RAM64X1S (RAMS64E): 32 instances

INFO: [Common 17-83] Releasing license: Synthesis
145 Infos, 46 Warnings, 0 Critical Warnings and 0 Errors encountered.
synth_design completed successfully
synth_design: Time (s): cpu = 00:00:30 ; elapsed = 00:00:32 . Memory (MB): peak = 861.320 ; gain = 613.242
Netlist sorting complete. Time (s): cpu = 00:00:00 ; elapsed = 00:00:00.001 . Memory (MB): peak = 861.320 ; gain = 0.000
WARNING: [Constraints 18-5210] No constraints selected for write.
Resolution: This message can indicate that there are no constraints for the design, or it can indicate that the used_in flags are set such that the constraints are ignored. This later case is used when running synth_design to not write synthesis constraints to the resulting checkpoint. Instead, project constraints are read when the synthesized design is opened.
INFO: [Common 17-1381] The checkpoint 'C:/Users/User/Documents/AC/pipeLine/pipeLine.runs/synth_1/test_env.dcp' has been generated.
INFO: [runtcl-4] Executing : report_utilization -file test_env_utilization_synth.rpt -pb test_env_utilization_synth.pb
INFO: [Common 17-206] Exiting Vivado at Sat May 18 15:49:21 2024...
